C:\Program Files (x86)\Microsoft Visual Studio\2019\Community\MSBuild\Microsoft\VC\v160\Microsoft.CppBuild.targets(519,5): warning MSB8028: The intermediate directory (Debug\) contains files shared from another project (OpenGL.vcxproj).  This can lead to incorrect clean and rebuild behavior.
  Camera.cpp
  Event.cpp
  IndexBuffer.cpp
C:\Users\denis\source\repos\OpenGL\OpenGL\IndexBuffer.h(3,10): fatal error C1083: Cannot open include file: 'GL/glew.h': No such file or directory
  Mesh.cpp
  Model.cpp
C:\Users\denis\source\repos\OpenGL\OpenGL\Texture.h(3,10): fatal error C1083: Cannot open include file: 'GL/glew.h': No such file or directory
  Renderer.cpp
C:\Users\denis\source\repos\OpenGL\OpenGL\Renderer.h(2,10): fatal error C1083: Cannot open include file: 'GL/glew.h': No such file or directory
  Shader.cpp
C:\Users\denis\source\repos\OpenGL\OpenGL\Shader.h(2,10): fatal error C1083: Cannot open include file: 'GL/glew.h': No such file or directory
  Source.cpp
C:\Users\denis\source\repos\OpenGL\OpenGL\Renderer.h(2,10): fatal error C1083: Cannot open include file: 'GL/glew.h': No such file or directory
  stb_image.cpp
  Texture.cpp
C:\Users\denis\source\repos\OpenGL\OpenGL\Texture.h(3,10): fatal error C1083: Cannot open include file: 'GL/glew.h': No such file or directory
  VertexArray.cpp
C:\Users\denis\source\repos\OpenGL\OpenGL\VertexArray.h(4,10): fatal error C1083: Cannot open include file: 'GL/glew.h': No such file or directory
  VertexBuffer.cpp
C:\Users\denis\source\repos\OpenGL\OpenGL\VertexBuffer.h(2,10): fatal error C1083: Cannot open include file: 'GL/glew.h': No such file or directory
  Window.cpp
C:\Users\denis\source\repos\OpenGL\OpenGL\Window.h(3,10): fatal error C1083: Cannot open include file: 'GLFW/glfw3.h': No such file or directory
  Generating Code...
